2026-07-14 01:56:39.058 | ERROR    | src.utils.monomer_mapper:convert_recipe_to_components:36 - Monomer mapping not found for abbreviation: 'UNKNOWN_MONOMER'
2026-07-14 01:56:39.059 | ERROR    | src.orchestrator:call_module_013_reverse_engineering:265 - AI Loop error: Monomer mapping not found for abbreviation: 'UNKNOWN_MONOMER'. Please update 'monomer_mapping.json' with a valid SMILES definition.
2026-07-14 01:56:39.059 | ERROR    | src.orchestrator:orchestrate_workflow:345 - [Task 95963e8c | PID 6263] Remote module execution failed: Reverse Engineering Failed: Monomer mapping not found for abbreviation: 'UNKNOWN_MONOMER'. Please update 'monomer_mapping.json' with a valid SMILES definition.
2026-07-14 01:56:39.061 | ERROR    | src.schemas:check_adhesion_growth:87 - [DOMAIN ERROR] 물리적 경시 상승 법칙 위배 인입 건 차단
2026-07-14 01:56:39.063 | ERROR    | src.utils.monomer_mapper:convert_recipe_to_components:36 - Monomer mapping not found for abbreviation: 'UNKNOWN_MONOMER'
2026-07-14 01:56:39.063 | ERROR    | src.utils.monomer_mapper:convert_recipe_to_components:45 - RDKit validation failed for monomer 'BAD_SYNTAX': 'Invalid_SMILES_String'
2026-07-14 01:56:39.064 | ERROR    | src.utils.monomer_mapper:convert_recipe_to_components:45 - RDKit validation failed for monomer 'VALENCE_ERR': 'C(=O)(=O)(=O)O'
2026-07-14 15:33:46.996 | ERROR    | src.orchestrator:call_module_011_processability:110 - Module 011 error: 
2026-07-14 15:33:46.997 | ERROR    | src.orchestrator:orchestrate_workflow:345 - [Task 368cc974 | PID 34045] Remote module execution failed: Module 011 communication failed: 
2026-07-14 15:38:24.729 | ERROR    | src.orchestrator:call_module_011_processability:110 - Module 011 error: 
2026-07-14 15:38:24.730 | ERROR    | src.orchestrator:orchestrate_workflow:345 - [Task 9965d16c | PID 34045] Remote module execution failed: Module 011 communication failed: 
2026-07-14 15:42:40.885 | ERROR    | src.orchestrator:call_module_011_processability:110 - Module 011 error: 
2026-07-14 15:42:40.886 | ERROR    | src.orchestrator:orchestrate_workflow:345 - [Task 8af02eb1 | PID 34045] Remote module execution failed: Module 011 communication failed: 
2026-07-14 15:56:11.507 | ERROR    | src.orchestrator:call_module_011_processability:110 - Module 011 error: All connection attempts failed
2026-07-14 15:56:11.508 | ERROR    | src.orchestrator:orchestrate_workflow:345 - [Task a39b452a | PID 34045] Remote module execution failed: Module 011 communication failed: All connection attempts failed
2026-07-14 15:58:10.048 | ERROR    | src.orchestrator:call_module_011_processability:110 - Module 011 error: All connection attempts failed
2026-07-14 15:58:10.048 | ERROR    | src.orchestrator:orchestrate_workflow:345 - [Task bd18f776 | PID 34045] Remote module execution failed: Module 011 communication failed: All connection attempts failed
2026-07-14 16:46:55.531 | ERROR    | src.utils.monomer_mapper:convert_recipe_to_components:36 - Monomer mapping not found for abbreviation: '___'
2026-07-14 16:46:55.532 | ERROR    | src.orchestrator:call_module_013_reverse_engineering:265 - AI Loop error: Monomer mapping not found for abbreviation: '___'. Please update 'monomer_mapping.json' with a valid SMILES definition.
2026-07-14 16:46:55.532 | ERROR    | src.orchestrator:orchestrate_workflow:347 - [Task 876451e7 | PID 38482] Remote module execution failed: Reverse Engineering Failed: Monomer mapping not found for abbreviation: '___'. Please update 'monomer_mapping.json' with a valid SMILES definition.
